Base path: /Applications/Unity/Hub/Editor/2018.2.0b8/Unity.app/Contents
Cmd: initializeCompiler
Cmd: compileComputeKernel
  api=14 insize=4913 outsize=5497 ok=1
Cmd: translateComputeKernel
  api=14 insize=5753 outsize=8341 ok=1
Cmd: compileComputeKernel
  api=14 insize=9225 outsize=9597 ok=1
Cmd: translateComputeKernel
  api=14 insize=9597 outsize=16381 ok=1
Cmd: translateComputeKernel
  api=14 insize=6989 outsize=13497 ok=1
Cmd: translateComputeKernel
  api=14 insize=1465 outsize=2237 ok=1
Cmd: initializeCompiler
Cmd: initializeCompiler
Cmd: initializeCompiler
Cmd: initializeCompiler
Cmd: initializeCompiler
Cmd: initializeCompiler
Cmd: initializeCompiler
Cmd: initializeCompiler
Cmd: initializeCompiler
Cmd: initializeCompiler
Cmd: initializeCompiler
Cmd: initializeCompiler
Cmd: initializeCompiler
Cmd: initializeCompiler
Cmd: initializeCompiler
Cmd: initializeCompiler
Cmd: initializeCompiler
Cmd: initializeCompiler
Cmd: initializeCompiler
Cmd: initializeCompiler
Cmd: initializeCompiler
Cmd: initializeCompiler
Cmd: initializeCompiler
