Base path: /Applications/Unity/Hub/Editor/2018.2.0b8/Unity.app/Contents
Cmd: initializeCompiler
Cmd: translateComputeKernel
  api=14 insize=837 outsize=781 ok=1
Cmd: compileComputeKernel
  api=14 insize=7328 outsize=10525 ok=1
Cmd: translateComputeKernel
  api=14 insize=10525 outsize=18389 ok=1
Cmd: compileComputeKernel
  api=14 insize=4913 outsize=10525 ok=1
Cmd: translateComputeKernel
  api=14 insize=5385 outsize=7557 ok=1
Cmd: compileComputeKernel
  api=14 insize=9225 outsize=9497 ok=1
Cmd: translateComputeKernel
  api=14 insize=9681 outsize=16549 ok=1
Cmd: translateComputeKernel
  api=14 insize=1957 outsize=3141 ok=1
Cmd: translateComputeKernel
  api=14 insize=2009 outsize=3625 ok=1
Cmd: translateComputeKernel
  api=14 insize=1185 outsize=1301 ok=1
Cmd: initializeCompiler
Cmd: initializeCompiler
Cmd: initializeCompiler
Cmd: initializeCompiler
Cmd: initializeCompiler
Cmd: initializeCompiler
Cmd: initializeCompiler
Cmd: initializeCompiler
Cmd: initializeCompiler
Cmd: initializeCompiler
Cmd: initializeCompiler
Cmd: initializeCompiler
Cmd: initializeCompiler
Cmd: initializeCompiler
Cmd: initializeCompiler
Cmd: initializeCompiler
Cmd: initializeCompiler
Cmd: initializeCompiler
Cmd: initializeCompiler
Cmd: initializeCompiler
Cmd: initializeCompiler
Cmd: initializeCompiler
Cmd: initializeCompiler
